<?xml version="1.0" encoding="UTF-8"?>
<!-- Generated by org.testng.reporters.JUnitReportReporter -->
<testsuite hostname="DESKTOP-9HG1TI6" failures="0" tests="1" name="test01_stream" time="0.021" errors="0" timestamp="2024-10-20T15:26:32 IST" skipped="0">
  <testcase classname="test01_stream" name="streamCollect" time="0.021"/>
</testsuite> <!-- test01_stream -->
